<mxfile host="www.draw.io" modified="2019-12-16T06:33:02.464Z" agent="Mozilla/5.0 (Macintosh; Intel Mac OS X 10_15_0) AppleWebKit/537.36 (KHTML, like Gecko) Chrome/78.0.3904.108 Safari/537.36" etag="S0xeHyFF50Oskit58oCG" version="12.4.2" type="device" pages="3"><diagram id="hSu82iJHACCmq2gqHJrm" name="Page-2">5Vdbd6IwEP41PNoTLmp9LGi7dmvXs/ZmXzwRImQbGBtDhf76BgkiaFu3l9PtWV5gvkwmyTdfhkQznTA54XgeDMAjTDOQl2hmVzMM3TJa8pUhaY602+0c8Dn1lFMJjOgjUSBSaEw9sqg4CgAm6LwKuhBFxBUVDHMOy6rbDFh11Dn2yRYwcjHbRq+pJ4Ic7SBU4j8I9QM1crNoCHHhq4BFgD1YbkBmTzMdDiDyrzBxCMu4K2gZn10t0+TnDMdXt+OLkA2wbzfyYMd/02W9Ak4i8ebQouWl6ORXYt122majezO+b/ZVF/SAWazoUmsVacEfhzjySBZE10x7GVBBRnPsZq1LqRiJBSJkqnlGGXOAAZd2BJF0sheCwx0pQM0wHafXPJaztNXYhAuS1HL1ykr1Nf1StgRCIngq+6koRlstKy2UqOxlmX/LUliwkXuzcMRKc/46dkms/FDc7uZ5Mmieuy6fHC7vR57xgBb26WAfnoknZatM4CIAHyLMeiVql5lA0ip9zgDmiv8/RIhU7UEcC6hmJx8zG+gNdMvJQsxd1bUzOrdw2Gh1Lh+nSPSd82TGi1UKzH0iXvB7Jn2cMCzoQ3Vy70nFS5PcSIWsebEk2EBHHyd+qfPZ6vlEnZt6VecGOtzSeWeHzFufpXL9v1B58RN7TeXGV6p8OxVrldvfS+VW8+tU/nxed1PrfC9qm52vo/awMbgMbITC0/nvSIwms5uu94/8JiWlPL2RRgMdIGQVyDiLeGC12gXQTdQYuZVuWkPCqeSEcAW+syhtFpvnD3LvKDaq6xConM5aIHrtJGVYtcznxVL12jx81gJZrVqguoTyBW4FWqlovZ69hNXvjdzOiYEXk6nZQL3+9cXtcB9hyeP9PPuMQ3bkimwP2tmOo/ImcYanhA1hQQWFSLpMQQgIpQPLGmzs3vkr0e3au0WMI0b9rK+A2qaHWDAayQNycf1Be56j0er5xPKgm/XysH2ONj+mPEizvEjlSS9vo2bvCQ==</diagram><diagram id="_9imbGoFLuo2Gi06Y-s1" name="Page-3">5Vnbdto6EP0aP9Llm4x5xOA0p6Ft2vS0yXk5S9jCVhAWkcXF/frKWMb4QqEQJ2Q1L7G2RyNrZs/WBcUYzNbvGZyHH6mPiKKr/loxhoqua6ZuiX8pkmRIt9vNgIBhXxoVwB3+iSSoSnSBfRSXDDmlhON5GfRoFCGPlzDIGF2VzSaUlEedwwDVgDsPkjr6A/s8zNCeqhb4NcJBKEcG+YsZzG0lEIfQp6sdyHAVY8Ao5dnTbD1AJI1dHpanaPgweJr2w9GXudnpfFo+GaNO5uzqT7psZ8BQxE92zf6D1k1vFE4614/xt89I0+//l13UJSQLGS45V57k8WN0EfkodaIphrMKMUd3c+ilb1eCMQIL+YzI1xNMyIASykQ7opEwcmLO6BTloKIbg4ELrsRXOnJsxDhaV3J1YKbaNvyCtojOEGeJ6Ce96F05rSRnomyvivybpsTCndwbuSGUnAu2vovAigcZ2z+Is3Y4zsgXtJVNynhIAxpB4haoU2RCFa3CZkTpXMb/EXGeyBqEC07L2cnGTAc6IdziY+mCeeg3s5ST4pAFiP/GzmxOH0MEcrwsf9yzp0KvpUJo3kIEWFf7z0d+wfPJ5q9Fnhtamee6atd43mugudUWy42/guXmkSwHr8lycz/LnbfFchNcGMvB/tAO3lZoQe/CQmtdhICIkLLkXjQ66jtVNXPkIfX4zrS6OTBcyzGyVrLbukUMi5ggJsEzRemg2KjNiT5abGTXW4rF52wJolV2UrpZyXwmlrLX7uaz4si0Ko6qFMomWHO0YdF2PqcTq3uYWGJ7P08fFzPS93hag05acVicJEZwjMgtjTHHNBImY8o5nQkDkr5woDcNNqRrqt3cR5/gIO3LaaXo6YITHIkNcn78UY/cR6ubvxblQTOq8lDfRxstyUPXRQH7vPy+fHST9/HwazQJhg2nlZaU1wfI9s2moNv62LAs8caHcbj1/lICren1DLQl0P+wb3bnYazdewkFeHx3s/wwbsjAl36nvm2+2Fo6LrcvVVCa9nIF1ZjOY46lkd9Pb2FEyyMwjrF3buWUl1dQWV7BW1ped/IGGvKWY8+8CmvgxFVYrx4YtdZW4Ua61Y/eimspDlBsR3FtpX+l9ECOaIrbU+yuYl/VKCmqkpdJCKUgeCLbiDUoxQz7frY5RDH+CccbVylx5ulcN7MHjgKGKZWOkqK9EiGvMeUQyvb2cJeK+2txr3SIWtFLuTPOo1ZuQieTGJ2b7OvvgP74cNP/96FDvOk0tun17JirxRa1RS3Lig4Oqcoa8/t8/y+ed7uJZtErbeSdzlSdtu/TXkadtpem+0TlWHUyqgf9qsw9nzo1EvZ1FsNL5F3DDdf+/fir8a66mOmn8q61s6loFj8PZebFb2yG+ws=</diagram><diagram id="o1eKAiHAQWO1QxADTSL5" name="Page-4">5Vpbd5s4EP41PKYHJG5+NI69bU+7J5s8bPq0RwYZq5WRD8jx5devMBKYi2MHG+K0eQkapBGa+ebTaGQNjhabv2K0nH9nAaYa0IONBu81AAwT2OJfKtlmEsdxMkEYk0B2KgRPZIelUJfSFQlwUurIGaOcLMtCn0UR9nlJhuKYrcvdZoyWZ12iENcETz6idem/JODzTDrQ9UL+GZNwLme21IsFUn2lIJmjgK0PRHCswVHMGM+eFpsRpqntlFmSXbjahV8Y9Ueb6OXrcPPIZ3eZsslbhuQriHHEr6saZKpfEF1Jc8m18q2yX8xWUYBTJYYGvfWccPy0RH76di0QI2RzvqDy9YxQOmKUxaIdsUh08hIes19YCTUAR6OxNRFf6cm5cczxpuKrEys1cvML2GK2wDzeinFSC3Ckx7YKibK9LvxvmlI2P/A9VB2RxFyY6y4MKx6kbd9gZ3jazjgQsJVNFvM5C1mE6LiQeoUndNEq+nxjbCnt/xNzvpUxiFaclb2TzZlO1MLc4mPZKvbxK/1MGd4oDvFr+uxm98WYIk5eyh93dVeYNVcIzlsJAwN9eD3wC5zP9n8d4hwaZZwD3a3hfNAAc7srlFt/BMrtM1HuvCfK7eMo9z4Wyk3rxlDuHDft6GOZ1hrcmGndmyAQYdJ4+ywad/onXTeV5Eeq8ZNpO0pwv5FzZK3tYesBx0TYBMdSeCEpnSQbcCHZyKEPjIjPyQFiVDIpYFY8n5GlHHWYfFYUmXZFURVC2QJrivYoytfTHliD08AS6f0yfVwt6NDnaQx6acQRcZL4hqaYPrCEcMIi0WXKOGcL0YGmLzzk/wr3oGuKXaVjSEmYjuWsEvRsxSmJRIKsjj/6mXm0vv/rkB4MWHEaqOfRsE96UPlO99QbWNgNzCaru2AKbVu8CVAyz7X3xdBGgwt6ZWjDqLngn+FdPXG+2Wg6z7l9hZRhvHdInVEBwFEwTAsxouVTlCTEvzR2LtoN68Y9MJ7VYDwlu/JmaFgtN0Ngu2Vehf1uhkZDNWJsa56luZ42drXhRBtYSmJo44HmOpo7qeFCxAYvIwHJsPSFG3HcEK8LEgRZkoYTskPTvao0RJfpYvfLtzzNuk8xchYhHA1UWU6UU2j53nUaY0dSKale5ISg5D14GbhUFzabJbgbd9crHj2EeJ5E5ylxlj8D61T6vCH8WWXi4vlwmGgWo9KGGnQRoXRf2eqHoPLypeIVoyVBweqRu8p0XRPUOYWk6yP2FoF3brHJ0LX3RF61EgnaIq+/c+KOIOu/CfO+mtMJYBPjafz4clc/YIjstl4wu+Xsdub62PebkD51rbSY1uOBcVCvJ3WV3Ta6s35YuZRHzrDusZ3v1MZ3IZW0LRG9T/IMgduOIUCVIbrbmxoh1XBe+iNz5+Px9jFT58b11A9KXd2iKFopVZX6Z/DqZQvs8Ubg+6OFqbV9fp6ZmGw///w7mugNG/KbGbwtHzfng87r+WDbzbjXo8txrP92RxdYvbG43vbQiNcrZBzH8Oq0A+wN4/U1zm17vd4PXs3qgceG7fBavRiDZiUvao1X0Sx+m5Z1L37gB8f/Aw==</diagram></mxfile>